2025-05-04 22:15:49,394 [INFO] skipping all processing on this page
2025-05-04 22:15:49,413 [INFO] Postprocessing...
2025-05-04 22:15:49,504 [INFO] Image optimization ratio: 1.00 savings: 0.0%
2025-05-04 22:15:49,504 [INFO] Total file size ratio: 1.05 savings: 5.1%
2025-05-04 22:15:49,555 [INFO] OCR completed: data\test\PDF_ocr\001d64aebc759730b2a841828fe728781dc0e3b0d124296aaa5d30ec58ee35c7.ocr.pdf
2025-05-04 22:15:49,725 [INFO] Translating 21 cells to Vietnamese...
2025-05-04 22:15:50,071 [WARNING] Language detection error: No features in text.... Using 'en' as fallback.
2025-05-04 22:15:50,168 [INFO] Translating 21 text segments to vi...
2025-05-04 22:15:50,168 [INFO] Detected languages:
2025-05-04 22:15:50,168 [INFO]   - en: 21 segments
2025-05-04 22:16:02,943 [INFO] Translation complete for 21 cells
2025-05-04 22:16:03,412 [INFO] skipping all processing on this page
2025-05-04 22:16:03,417 [INFO] Postprocessing...
2025-05-04 22:16:03,482 [INFO] Image optimization ratio: 1.00 savings: 0.0%
2025-05-04 22:16:03,482 [INFO] Total file size ratio: 1.01 savings: 0.9%
2025-05-04 22:16:03,504 [INFO] OCR completed: data\test\PDF_ocr\003748ecc3aae9e11bb8f0b160b32374f8d3063519c0e5fdfac49048ac188a18.ocr.pdf
2025-05-04 22:16:03,514 [INFO] Translating 14 cells to Vietnamese...
2025-05-04 22:16:03,560 [INFO] Translating 14 text segments to vi...
2025-05-04 22:16:03,560 [INFO] Detected languages:
2025-05-04 22:16:03,560 [INFO]   - de: 13 segments
2025-05-04 22:16:03,560 [INFO]   - af: 1 segments
2025-05-04 22:16:21,291 [INFO] Translation complete for 14 cells
2025-05-04 22:16:21,785 [INFO] skipping all processing on this page
2025-05-04 22:16:21,792 [INFO] Postprocessing...
2025-05-04 22:16:21,858 [INFO] Image optimization ratio: 1.00 savings: 0.0%
2025-05-04 22:16:21,858 [INFO] Total file size ratio: 1.14 savings: 12.6%
2025-05-04 22:16:21,893 [INFO] OCR completed: data\test\PDF_ocr\00973e7bb643254c15ab5d9813da837078a48a2113d281e9e13e9ba15fa796d1.ocr.pdf
2025-05-04 22:16:21,904 [INFO] Translating 153 cells to Vietnamese...
2025-05-04 22:16:21,956 [WARNING] Language detection error: No features in text.... Using 'en' as fallback.
2025-05-04 22:16:22,171 [WARNING] Language detection error: No features in text.... Using 'en' as fallback.
2025-05-04 22:16:22,191 [WARNING] Language detection error: No features in text.... Using 'en' as fallback.
2025-05-04 22:16:22,628 [WARNING] Language detection error: No features in text.... Using 'en' as fallback.
2025-05-04 22:16:22,748 [WARNING] Language detection error: No features in text.... Using 'en' as fallback.
2025-05-04 22:16:22,904 [WARNING] Language detection error: No features in text.... Using 'en' as fallback.
2025-05-04 22:16:22,963 [WARNING] Language detection error: No features in text.... Using 'en' as fallback.
2025-05-04 22:16:22,972 [INFO] Translating 153 text segments to vi...
2025-05-04 22:16:22,973 [INFO] Detected languages:
2025-05-04 22:16:22,973 [INFO]   - en: 95 segments
2025-05-04 22:16:22,973 [INFO]   - fr: 5 segments
2025-05-04 22:16:22,973 [INFO]   - ca: 6 segments
2025-05-04 22:16:22,973 [INFO]   - nl: 6 segments
2025-05-04 22:16:22,973 [INFO]   - no: 2 segments
2025-05-04 22:16:22,973 [INFO]   - da: 7 segments
2025-05-04 22:16:22,974 [INFO]   - hu: 1 segments
2025-05-04 22:16:22,974 [INFO]   - tr: 2 segments
2025-05-04 22:16:22,974 [INFO]   - tl: 4 segments
2025-05-04 22:16:22,974 [INFO]   - es: 4 segments
2025-05-04 22:16:22,974 [INFO]   - so: 1 segments
2025-05-04 22:16:22,974 [INFO]   - sq: 1 segments
2025-05-04 22:16:22,974 [INFO]   - af: 3 segments
2025-05-04 22:16:22,974 [INFO]   - fi: 1 segments
2025-05-04 22:16:22,974 [INFO]   - et: 1 segments
2025-05-04 22:16:22,976 [INFO]   - it: 2 segments
2025-05-04 22:16:22,976 [INFO]   - pt: 2 segments
2025-05-04 22:16:22,976 [INFO]   - sv: 2 segments
2025-05-04 22:16:22,976 [INFO]   - vi: 1 segments
2025-05-04 22:16:22,976 [INFO]   - ro: 1 segments
2025-05-04 22:16:22,976 [INFO]   - pl: 1 segments
2025-05-04 22:16:22,976 [INFO]   - cs: 2 segments
2025-05-04 22:16:22,976 [INFO]   - hr: 1 segments
2025-05-04 22:16:22,976 [INFO]   - sl: 1 segments
2025-05-04 22:16:22,976 [INFO]   - cy: 1 segments
2025-05-04 22:23:11,688 [INFO] skipping all processing on this page
2025-05-04 22:23:11,706 [INFO] Postprocessing...
2025-05-04 22:23:11,800 [INFO] Image optimization ratio: 1.00 savings: 0.0%
2025-05-04 22:23:11,800 [INFO] Total file size ratio: 1.05 savings: 5.1%
2025-05-04 22:23:11,847 [INFO] OCR completed: data\test\PDF_ocr\001d64aebc759730b2a841828fe728781dc0e3b0d124296aaa5d30ec58ee35c7.ocr.pdf
2025-05-04 22:23:12,006 [INFO] Translating 21 cells to Vietnamese...
2025-05-04 22:23:12,317 [WARNING] Language detection error: No features in text.... Using 'en' as fallback.
2025-05-04 22:23:12,418 [INFO] Translating 21 text segments to vi...
2025-05-04 22:23:12,418 [INFO] Detected languages:
2025-05-04 22:23:12,418 [INFO]   - en: 21 segments
2025-05-04 22:23:25,153 [INFO] Translation complete for 21 cells
2025-05-04 22:23:25,611 [INFO] skipping all processing on this page
2025-05-04 22:23:25,617 [INFO] Postprocessing...
2025-05-04 22:23:25,683 [INFO] Image optimization ratio: 1.00 savings: 0.0%
2025-05-04 22:23:25,683 [INFO] Total file size ratio: 1.01 savings: 0.9%
2025-05-04 22:23:25,706 [INFO] OCR completed: data\test\PDF_ocr\003748ecc3aae9e11bb8f0b160b32374f8d3063519c0e5fdfac49048ac188a18.ocr.pdf
2025-05-04 22:23:25,709 [INFO] Translating 14 cells to Vietnamese...
2025-05-04 22:23:25,751 [INFO] Translating 14 text segments to vi...
2025-05-04 22:23:25,751 [INFO] Detected languages:
2025-05-04 22:23:25,751 [INFO]   - de: 13 segments
2025-05-04 22:23:25,757 [INFO]   - af: 1 segments
2025-05-04 22:23:40,862 [INFO] Translation complete for 14 cells
2025-05-04 22:23:41,341 [INFO] skipping all processing on this page
2025-05-04 22:23:41,350 [INFO] Postprocessing...
2025-05-04 22:23:41,417 [INFO] Image optimization ratio: 1.00 savings: 0.0%
2025-05-04 22:23:41,418 [INFO] Total file size ratio: 1.14 savings: 12.6%
2025-05-04 22:23:41,448 [INFO] OCR completed: data\test\PDF_ocr\00973e7bb643254c15ab5d9813da837078a48a2113d281e9e13e9ba15fa796d1.ocr.pdf
2025-05-04 22:23:41,454 [INFO] Translating 153 cells to Vietnamese...
2025-05-04 22:23:41,507 [WARNING] Language detection error: No features in text.... Using 'en' as fallback.
2025-05-04 22:23:41,709 [WARNING] Language detection error: No features in text.... Using 'en' as fallback.
2025-05-04 22:23:41,726 [WARNING] Language detection error: No features in text.... Using 'en' as fallback.
2025-05-04 22:23:42,177 [WARNING] Language detection error: No features in text.... Using 'en' as fallback.
2025-05-04 22:23:42,289 [WARNING] Language detection error: No features in text.... Using 'en' as fallback.
2025-05-04 22:23:42,440 [WARNING] Language detection error: No features in text.... Using 'en' as fallback.
2025-05-04 22:23:42,498 [WARNING] Language detection error: No features in text.... Using 'en' as fallback.
2025-05-04 22:23:42,509 [INFO] Translating 153 text segments to vi...
2025-05-04 22:23:42,509 [INFO] Detected languages:
2025-05-04 22:23:42,509 [INFO]   - en: 95 segments
2025-05-04 22:23:42,509 [INFO]   - fr: 5 segments
2025-05-04 22:23:42,509 [INFO]   - ca: 6 segments
2025-05-04 22:23:42,510 [INFO]   - nl: 6 segments
2025-05-04 22:23:42,510 [INFO]   - no: 2 segments
2025-05-04 22:23:42,510 [INFO]   - da: 7 segments
2025-05-04 22:23:42,510 [INFO]   - hu: 1 segments
2025-05-04 22:23:42,510 [INFO]   - tr: 2 segments
2025-05-04 22:23:42,510 [INFO]   - tl: 4 segments
2025-05-04 22:23:42,510 [INFO]   - es: 4 segments
2025-05-04 22:23:42,511 [INFO]   - so: 1 segments
2025-05-04 22:23:42,511 [INFO]   - sq: 1 segments
2025-05-04 22:23:42,511 [INFO]   - af: 3 segments
2025-05-04 22:23:42,511 [INFO]   - fi: 1 segments
2025-05-04 22:23:42,511 [INFO]   - et: 1 segments
2025-05-04 22:23:42,511 [INFO]   - it: 2 segments
2025-05-04 22:23:42,511 [INFO]   - pt: 2 segments
2025-05-04 22:23:42,511 [INFO]   - sv: 2 segments
2025-05-04 22:23:42,512 [INFO]   - vi: 1 segments
2025-05-04 22:23:42,512 [INFO]   - ro: 1 segments
2025-05-04 22:23:42,512 [INFO]   - pl: 1 segments
2025-05-04 22:23:42,512 [INFO]   - cs: 2 segments
2025-05-04 22:23:42,512 [INFO]   - hr: 1 segments
2025-05-04 22:23:42,513 [INFO]   - sl: 1 segments
2025-05-04 22:23:42,513 [INFO]   - cy: 1 segments
2025-05-04 22:24:02,220 [INFO] skipping all processing on this page
2025-05-04 22:24:02,226 [INFO] Postprocessing...
2025-05-04 22:24:02,292 [INFO] Image optimization ratio: 1.00 savings: 0.0%
2025-05-04 22:24:02,292 [INFO] Total file size ratio: 1.10 savings: 8.7%
2025-05-04 22:24:02,321 [INFO] OCR completed: data\test\PDF_ocr\8a27ba3644da19b268f2d88f59eb455ba104dd262c4eda42674824a53b6932f6.ocr.pdf
2025-05-04 22:24:02,332 [INFO] Translating 82 cells to Vietnamese...
2025-05-04 22:24:02,671 [WARNING] Language detection error: No features in text.... Using 'en' as fallback.
2025-05-04 22:24:02,687 [WARNING] Language detection error: No features in text.... Using 'en' as fallback.
2025-05-04 22:24:02,715 [WARNING] Language detection error: No features in text.... Using 'en' as fallback.
2025-05-04 22:24:02,723 [WARNING] Language detection error: No features in text.... Using 'en' as fallback.
2025-05-04 22:24:02,724 [WARNING] Language detection error: No features in text.... Using 'en' as fallback.
2025-05-04 22:24:02,724 [WARNING] Language detection error: No features in text.... Using 'en' as fallback.
2025-05-04 22:24:02,745 [WARNING] Language detection error: No features in text.... Using 'en' as fallback.
2025-05-04 22:24:02,745 [WARNING] Language detection error: No features in text.... Using 'en' as fallback.
2025-05-04 22:24:02,754 [WARNING] Language detection error: No features in text.... Using 'en' as fallback.
2025-05-04 22:24:02,755 [WARNING] Language detection error: No features in text.... Using 'en' as fallback.
2025-05-04 22:24:02,757 [WARNING] Language detection error: No features in text.... Using 'en' as fallback.
2025-05-04 22:24:02,757 [WARNING] Language detection error: No features in text.... Using 'en' as fallback.
2025-05-04 22:24:02,795 [WARNING] Language detection error: No features in text.... Using 'en' as fallback.
2025-05-04 22:24:02,809 [WARNING] Language detection error: No features in text.... Using 'en' as fallback.
2025-05-04 22:24:02,812 [WARNING] Language detection error: No features in text.... Using 'en' as fallback.
2025-05-04 22:24:02,813 [WARNING] Language detection error: No features in text.... Using 'en' as fallback.
2025-05-04 22:24:02,817 [WARNING] Language detection error: No features in text.... Using 'en' as fallback.
2025-05-04 22:24:02,885 [WARNING] Language detection error: No features in text.... Using 'en' as fallback.
2025-05-04 22:24:02,885 [INFO] Translating 82 text segments to vi...
2025-05-04 22:24:02,885 [INFO] Detected languages:
2025-05-04 22:24:02,885 [INFO]   - en: 55 segments
2025-05-04 22:24:02,885 [INFO]   - el: 6 segments
2025-05-04 22:24:02,885 [INFO]   - sw: 4 segments
2025-05-04 22:24:02,885 [INFO]   - vi: 8 segments
2025-05-04 22:24:02,885 [INFO]   - it: 4 segments
2025-05-04 22:24:02,885 [INFO]   - fr: 1 segments
2025-05-04 22:24:02,885 [INFO]   - tl: 2 segments
2025-05-04 22:24:02,885 [INFO]   - de: 1 segments
2025-05-04 22:24:02,885 [INFO]   - es: 1 segments
2025-05-04 22:24:54,043 [INFO] Translation complete for 82 cells
2025-05-04 22:24:54,535 [INFO] skipping all processing on this page
2025-05-04 22:24:54,544 [INFO] Postprocessing...
2025-05-04 22:24:54,610 [INFO] Image optimization ratio: 1.00 savings: 0.0%
2025-05-04 22:24:54,611 [INFO] Total file size ratio: 1.16 savings: 14.1%
2025-05-04 22:24:54,639 [INFO] OCR completed: data\test\PDF_ocr\cfb267ee38361a88917d5c2cc80dc4524cede67df47b54ec7df07952e6f57eb2.ocr.pdf
2025-05-04 22:24:54,653 [INFO] Translating 315 cells to Vietnamese...
2025-05-04 22:24:54,653 [WARNING] Language detection error: No features in text.... Using 'en' as fallback.
2025-05-04 22:24:54,673 [WARNING] Language detection error: No features in text.... Using 'en' as fallback.
2025-05-04 22:24:54,674 [WARNING] Language detection error: No features in text.... Using 'en' as fallback.
2025-05-04 22:24:54,674 [WARNING] Language detection error: No features in text.... Using 'en' as fallback.
2025-05-04 22:24:54,682 [WARNING] Language detection error: No features in text.... Using 'en' as fallback.
2025-05-04 22:24:54,705 [WARNING] Language detection error: No features in text.... Using 'en' as fallback.
2025-05-04 22:24:54,711 [WARNING] Language detection error: No features in text.... Using 'en' as fallback.
2025-05-04 22:24:54,711 [WARNING] Language detection error: No features in text.... Using 'en' as fallback.
2025-05-04 22:24:54,717 [WARNING] Language detection error: No features in text.... Using 'en' as fallback.
2025-05-04 22:24:54,755 [WARNING] Language detection error: No features in text.... Using 'en' as fallback.
2025-05-04 22:24:54,761 [WARNING] Language detection error: No features in text.... Using 'en' as fallback.
2025-05-04 22:24:54,772 [WARNING] Language detection error: No features in text.... Using 'en' as fallback.
2025-05-04 22:24:54,778 [WARNING] Language detection error: No features in text.... Using 'en' as fallback.
2025-05-04 22:24:54,880 [WARNING] Language detection error: No features in text.... Using 'en' as fallback.
2025-05-04 22:24:54,899 [WARNING] Language detection error: No features in text.... Using 'en' as fallback.
2025-05-04 22:24:54,899 [WARNING] Language detection error: No features in text.... Using 'en' as fallback.
2025-05-04 22:24:54,900 [WARNING] Language detection error: No features in text.... Using 'en' as fallback.
2025-05-04 22:24:54,900 [WARNING] Language detection error: No features in text.... Using 'en' as fallback.
2025-05-04 22:24:54,900 [WARNING] Language detection error: No features in text.... Using 'en' as fallback.
2025-05-04 22:24:54,900 [WARNING] Language detection error: No features in text.... Using 'en' as fallback.
2025-05-04 22:24:54,900 [WARNING] Language detection error: No features in text.... Using 'en' as fallback.
2025-05-04 22:24:54,900 [WARNING] Language detection error: No features in text.... Using 'en' as fallback.
2025-05-04 22:24:54,903 [WARNING] Language detection error: No features in text.... Using 'en' as fallback.
2025-05-04 22:24:54,920 [WARNING] Language detection error: No features in text.... Using 'en' as fallback.
2025-05-04 22:24:54,920 [WARNING] Language detection error: No features in text.... Using 'en' as fallback.
2025-05-04 22:24:54,940 [WARNING] Language detection error: No features in text.... Using 'en' as fallback.
2025-05-04 22:24:54,945 [WARNING] Language detection error: No features in text.... Using 'en' as fallback.
2025-05-04 22:24:54,945 [WARNING] Language detection error: No features in text.... Using 'en' as fallback.
2025-05-04 22:24:54,957 [WARNING] Language detection error: No features in text.... Using 'en' as fallback.
2025-05-04 22:24:54,971 [WARNING] Language detection error: No features in text.... Using 'en' as fallback.
2025-05-04 22:24:54,971 [WARNING] Language detection error: No features in text.... Using 'en' as fallback.
2025-05-04 22:24:54,978 [WARNING] Language detection error: No features in text.... Using 'en' as fallback.
2025-05-04 22:24:54,981 [WARNING] Language detection error: No features in text.... Using 'en' as fallback.
2025-05-04 22:24:54,993 [WARNING] Language detection error: No features in text.... Using 'en' as fallback.
2025-05-04 22:24:54,993 [WARNING] Language detection error: No features in text.... Using 'en' as fallback.
2025-05-04 22:24:54,994 [WARNING] Language detection error: No features in text.... Using 'en' as fallback.
2025-05-04 22:24:55,004 [WARNING] Language detection error: No features in text.... Using 'en' as fallback.
2025-05-04 22:24:55,004 [WARNING] Language detection error: No features in text.... Using 'en' as fallback.
2025-05-04 22:24:55,007 [WARNING] Language detection error: No features in text.... Using 'en' as fallback.
2025-05-04 22:24:55,008 [WARNING] Language detection error: No features in text.... Using 'en' as fallback.
2025-05-04 22:24:55,031 [WARNING] Language detection error: No features in text.... Using 'en' as fallback.
2025-05-04 22:24:55,031 [WARNING] Language detection error: No features in text.... Using 'en' as fallback.
2025-05-04 22:24:55,032 [WARNING] Language detection error: No features in text.... Using 'en' as fallback.
2025-05-04 22:24:55,032 [WARNING] Language detection error: No features in text.... Using 'en' as fallback.
2025-05-04 22:24:55,044 [WARNING] Language detection error: No features in text.... Using 'en' as fallback.
2025-05-04 22:24:55,130 [WARNING] Language detection error: No features in text.... Using 'en' as fallback.
2025-05-04 22:24:55,138 [WARNING] Language detection error: No features in text.... Using 'en' as fallback.
2025-05-04 22:24:55,143 [WARNING] Language detection error: No features in text.... Using 'en' as fallback.
2025-05-04 22:24:55,148 [WARNING] Language detection error: No features in text.... Using 'en' as fallback.
2025-05-04 22:24:55,148 [WARNING] Language detection error: No features in text.... Using 'en' as fallback.
2025-05-04 22:24:55,148 [WARNING] Language detection error: No features in text.... Using 'en' as fallback.
2025-05-04 22:24:55,149 [WARNING] Language detection error: No features in text.... Using 'en' as fallback.
2025-05-04 22:24:55,149 [WARNING] Language detection error: No features in text.... Using 'en' as fallback.
2025-05-04 22:24:55,149 [WARNING] Language detection error: No features in text.... Using 'en' as fallback.
2025-05-04 22:24:55,149 [WARNING] Language detection error: No features in text.... Using 'en' as fallback.
2025-05-04 22:24:55,150 [WARNING] Language detection error: No features in text.... Using 'en' as fallback.
2025-05-04 22:24:55,150 [WARNING] Language detection error: No features in text.... Using 'en' as fallback.
2025-05-04 22:24:55,150 [WARNING] Language detection error: No features in text.... Using 'en' as fallback.
2025-05-04 22:24:55,159 [WARNING] Language detection error: No features in text.... Using 'en' as fallback.
2025-05-04 22:24:55,159 [WARNING] Language detection error: No features in text.... Using 'en' as fallback.
2025-05-04 22:24:55,161 [WARNING] Language detection error: No features in text.... Using 'en' as fallback.
2025-05-04 22:24:55,162 [WARNING] Language detection error: No features in text.... Using 'en' as fallback.
2025-05-04 22:24:55,166 [WARNING] Language detection error: No features in text.... Using 'en' as fallback.
2025-05-04 22:24:55,168 [WARNING] Language detection error: No features in text.... Using 'en' as fallback.
2025-05-04 22:24:55,201 [WARNING] Language detection error: No features in text.... Using 'en' as fallback.
2025-05-04 22:24:55,202 [WARNING] Language detection error: No features in text.... Using 'en' as fallback.
2025-05-04 22:24:55,202 [WARNING] Language detection error: No features in text.... Using 'en' as fallback.
2025-05-04 22:24:55,209 [WARNING] Language detection error: No features in text.... Using 'en' as fallback.
2025-05-04 22:24:55,209 [WARNING] Language detection error: No features in text.... Using 'en' as fallback.
2025-05-04 22:24:55,219 [WARNING] Language detection error: No features in text.... Using 'en' as fallback.
2025-05-04 22:24:55,219 [WARNING] Language detection error: No features in text.... Using 'en' as fallback.
2025-05-04 22:24:55,226 [WARNING] Language detection error: No features in text.... Using 'en' as fallback.
2025-05-04 22:24:55,226 [WARNING] Language detection error: No features in text.... Using 'en' as fallback.
2025-05-04 22:24:55,237 [WARNING] Language detection error: No features in text.... Using 'en' as fallback.
2025-05-04 22:24:55,239 [WARNING] Language detection error: No features in text.... Using 'en' as fallback.
2025-05-04 22:24:55,240 [WARNING] Language detection error: No features in text.... Using 'en' as fallback.
2025-05-04 22:24:55,240 [WARNING] Language detection error: No features in text.... Using 'en' as fallback.
2025-05-04 22:24:55,241 [WARNING] Language detection error: No features in text.... Using 'en' as fallback.
2025-05-04 22:24:55,251 [WARNING] Language detection error: No features in text.... Using 'en' as fallback.
2025-05-04 22:24:55,252 [WARNING] Language detection error: No features in text.... Using 'en' as fallback.
2025-05-04 22:24:55,285 [WARNING] Language detection error: No features in text.... Using 'en' as fallback.
2025-05-04 22:24:55,294 [WARNING] Language detection error: No features in text.... Using 'en' as fallback.
2025-05-04 22:24:55,323 [WARNING] Language detection error: No features in text.... Using 'en' as fallback.
2025-05-04 22:24:55,323 [WARNING] Language detection error: No features in text.... Using 'en' as fallback.
2025-05-04 22:24:55,323 [WARNING] Language detection error: No features in text.... Using 'en' as fallback.
2025-05-04 22:24:55,329 [WARNING] Language detection error: No features in text.... Using 'en' as fallback.
2025-05-04 22:24:55,366 [WARNING] Language detection error: No features in text.... Using 'en' as fallback.
2025-05-04 22:24:55,367 [WARNING] Language detection error: No features in text.... Using 'en' as fallback.
2025-05-04 22:24:55,367 [WARNING] Language detection error: No features in text.... Using 'en' as fallback.
2025-05-04 22:24:55,367 [WARNING] Language detection error: No features in text.... Using 'en' as fallback.
2025-05-04 22:24:55,368 [WARNING] Language detection error: No features in text.... Using 'en' as fallback.
2025-05-04 22:24:55,389 [WARNING] Language detection error: No features in text.... Using 'en' as fallback.
2025-05-04 22:24:55,389 [WARNING] Language detection error: No features in text.... Using 'en' as fallback.
2025-05-04 22:24:55,389 [WARNING] Language detection error: No features in text.... Using 'en' as fallback.
2025-05-04 22:24:55,456 [WARNING] Language detection error: No features in text.... Using 'en' as fallback.
2025-05-04 22:24:55,456 [WARNING] Language detection error: No features in text.... Using 'en' as fallback.
2025-05-04 22:24:55,456 [WARNING] Language detection error: No features in text.... Using 'en' as fallback.
2025-05-04 22:24:55,472 [WARNING] Language detection error: No features in text.... Using 'en' as fallback.
2025-05-04 22:24:55,494 [WARNING] Language detection error: No features in text.... Using 'en' as fallback.
2025-05-04 22:24:55,494 [WARNING] Language detection error: No features in text.... Using 'en' as fallback.
2025-05-04 22:24:55,494 [WARNING] Language detection error: No features in text.... Using 'en' as fallback.
2025-05-04 22:24:55,545 [WARNING] Language detection error: No features in text.... Using 'en' as fallback.
2025-05-04 22:24:55,549 [WARNING] Language detection error: No features in text.... Using 'en' as fallback.
2025-05-04 22:24:55,549 [WARNING] Language detection error: No features in text.... Using 'en' as fallback.
2025-05-04 22:24:55,552 [WARNING] Language detection error: No features in text.... Using 'en' as fallback.
2025-05-04 22:24:55,552 [WARNING] Language detection error: No features in text.... Using 'en' as fallback.
2025-05-04 22:24:55,552 [WARNING] Language detection error: No features in text.... Using 'en' as fallback.
2025-05-04 22:24:55,553 [WARNING] Language detection error: No features in text.... Using 'en' as fallback.
2025-05-04 22:24:55,553 [WARNING] Language detection error: No features in text.... Using 'en' as fallback.
2025-05-04 22:24:55,554 [WARNING] Language detection error: No features in text.... Using 'en' as fallback.
2025-05-04 22:24:55,554 [WARNING] Language detection error: No features in text.... Using 'en' as fallback.
2025-05-04 22:24:55,555 [WARNING] Language detection error: No features in text.... Using 'en' as fallback.
2025-05-04 22:24:55,555 [WARNING] Language detection error: No features in text.... Using 'en' as fallback.
2025-05-04 22:24:55,569 [WARNING] Language detection error: No features in text.... Using 'en' as fallback.
2025-05-04 22:24:55,583 [WARNING] Language detection error: No features in text.... Using 'en' as fallback.
2025-05-04 22:24:55,599 [WARNING] Language detection error: No features in text.... Using 'en' as fallback.
2025-05-04 22:24:55,600 [WARNING] Language detection error: No features in text.... Using 'en' as fallback.
2025-05-04 22:24:55,606 [WARNING] Language detection error: No features in text.... Using 'en' as fallback.
2025-05-04 22:24:55,606 [INFO] Translating 315 text segments to vi...
2025-05-04 22:24:55,606 [INFO] Detected languages:
2025-05-04 22:24:55,606 [INFO]   - en: 163 segments
2025-05-04 22:24:55,606 [INFO]   - vi: 25 segments
2025-05-04 22:24:55,606 [INFO]   - el: 30 segments
2025-05-04 22:24:55,606 [INFO]   - de: 18 segments
2025-05-04 22:24:55,607 [INFO]   - pl: 9 segments
2025-05-04 22:24:55,607 [INFO]   - nl: 4 segments
2025-05-04 22:24:55,607 [INFO]   - af: 9 segments
2025-05-04 22:24:55,607 [INFO]   - cy: 7 segments
2025-05-04 22:24:55,607 [INFO]   - da: 2 segments
2025-05-04 22:24:55,607 [INFO]   - ro: 1 segments
2025-05-04 22:24:55,608 [INFO]   - tl: 1 segments
2025-05-04 22:24:55,608 [INFO]   - sw: 15 segments
2025-05-04 22:24:55,608 [INFO]   - hr: 3 segments
2025-05-04 22:24:55,608 [INFO]   - id: 3 segments
2025-05-04 22:24:55,608 [INFO]   - sk: 1 segments
2025-05-04 22:24:55,608 [INFO]   - es: 3 segments
2025-05-04 22:24:55,608 [INFO]   - lt: 7 segments
2025-05-04 22:24:55,608 [INFO]   - so: 4 segments
2025-05-04 22:24:55,608 [INFO]   - fr: 4 segments
2025-05-04 22:24:55,608 [INFO]   - et: 1 segments
2025-05-04 22:24:55,608 [INFO]   - pt: 3 segments
2025-05-04 22:24:55,608 [INFO]   - tr: 1 segments
2025-05-04 22:24:55,608 [INFO]   - lv: 1 segments
2025-05-04 22:27:25,308 [INFO] Translation complete for 315 cells
